2021-03-31 07:41:46.978  INFO 8052 --- [restartedMain] c.s.s.SafetynetalertsApplication         : Starting SafetynetalertsApplication using Java 15.0.1 on Clément with PID 8052 (C:\Users\clement\Desktop\safetynetalerts\target\classes started by clement in C:\Users\clement\Desktop\safetynetalerts)
2021-03-31 07:41:47.047  INFO 8052 --- [restartedMain] c.s.s.SafetynetalertsApplication         : No active profile set, falling back to default profiles: default
2021-03-31 07:41:47.149  INFO 8052 --- [restartedMain] .e.DevToolsPropertyDefaultsPostProcessor : Devtools property defaults active! Set 'spring.devtools.add-properties' to 'false' to disable
2021-03-31 07:41:47.150  INFO 8052 --- [restartedMain] .e.DevToolsPropertyDefaultsPostProcessor : For additional web related logging consider setting the 'logging.level.web' property to 'DEBUG'
2021-03-31 07:41:48.538  INFO 8052 --- [restartedMain] .s.d.r.c.RepositoryConfigurationDelegate : Bootstrapping Spring Data JPA repositories in DEFAULT mode.
2021-03-31 07:41:48.644  INFO 8052 --- [restartedMain] .s.d.r.c.RepositoryConfigurationDelegate : Finished Spring Data repository scanning in 85 ms. Found 3 JPA repository interfaces.
2021-03-31 07:41:49.699  INFO 8052 --- [restartedMain] o.s.b.w.e.t.TomcatWebServer              : Tomcat initialized with port(s): 8080 (http)
2021-03-31 07:41:49.771  INFO 8052 --- [restartedMain] o.a.c.c.StandardService                  : Starting service [Tomcat]
2021-03-31 07:41:49.771  INFO 8052 --- [restartedMain] o.a.c.c.StandardEngine                   : Starting Servlet engine: [Apache Tomcat/9.0.43]
2021-03-31 07:41:49.933  INFO 8052 --- [restartedMain] o.a.c.c.C.[.[.[/]                        : Initializing Spring embedded WebApplicationContext
2021-03-31 07:41:49.933  INFO 8052 --- [restartedMain] w.s.c.ServletWebServerApplicationContext : Root WebApplicationContext: initialization completed in 2782 ms
2021-03-31 07:41:50.277  INFO 8052 --- [restartedMain] o.h.j.i.u.LogHelper                      : HHH000204: Processing PersistenceUnitInfo [name: default]
2021-03-31 07:41:50.335  INFO 8052 --- [restartedMain] o.h.Version                              : HHH000412: Hibernate ORM core version 5.4.28.Final
2021-03-31 07:41:50.593  INFO 8052 --- [restartedMain] o.h.a.c.Version                          : HCANN000001: Hibernate Commons Annotations {5.1.2.Final}
2021-03-31 07:41:50.762  INFO 8052 --- [restartedMain] c.z.h.HikariDataSource                   : HikariPool-1 - Starting...
2021-03-31 07:41:52.452  INFO 8052 --- [restartedMain] c.z.h.HikariDataSource                   : HikariPool-1 - Start completed.
2021-03-31 07:41:52.588  INFO 8052 --- [restartedMain] o.h.d.Dialect                            : HHH000400: Using dialect: org.hibernate.dialect.MySQL5Dialect
2021-03-31 07:41:56.033  INFO 8052 --- [restartedMain] o.h.e.t.j.p.i.JtaPlatformInitiator       : HHH000490: Using JtaPlatform implementation: [org.hibernate.engine.transaction.jta.platform.internal.NoJtaPlatform]
2021-03-31 07:41:56.054  INFO 8052 --- [restartedMain] j.LocalContainerEntityManagerFactoryBean : Initialized JPA EntityManagerFactory for persistence unit 'default'
2021-03-31 07:41:56.153  INFO 8052 --- [restartedMain] o.s.b.d.a.OptionalLiveReloadServer       : LiveReload server is running on port 35729
2021-03-31 07:41:57.484  INFO 8052 --- [restartedMain] DataBaseConfig                           : Create DB connection
2021-03-31 07:41:57.537  INFO 8052 --- [restartedMain] DataBaseConfig                           : Closing prepared Statement
2021-03-31 07:41:57.601  INFO 8052 --- [restartedMain] DataBaseConfig                           : Closing DB connection
2021-03-31 07:41:57.762  WARN 8052 --- [restartedMain] JpaBaseConfiguration$JpaWebConfiguration : spring.jpa.open-in-view is enabled by default. Therefore, database queries may be performed during view rendering. Explicitly configure spring.jpa.open-in-view to disable this warning
2021-03-31 07:41:58.127  INFO 8052 --- [restartedMain] o.s.s.c.ThreadPoolTaskExecutor           : Initializing ExecutorService 'applicationTaskExecutor'
2021-03-31 07:41:59.732  INFO 8052 --- [restartedMain] o.s.b.w.e.t.TomcatWebServer              : Tomcat started on port(s): 8080 (http) with context path ''
2021-03-31 07:41:59.741  INFO 8052 --- [restartedMain] c.s.s.SafetynetalertsApplication         : Started SafetynetalertsApplication in 13.844 seconds (JVM running for 16.285)
2021-03-31 07:42:17.316  INFO 8052 --- [http-nio-8080-exec-1] o.a.c.c.C.[.[.[/]                        : Initializing Spring DispatcherServlet 'dispatcherServlet'
2021-03-31 07:42:17.317  INFO 8052 --- [http-nio-8080-exec-1] o.s.w.s.DispatcherServlet                : Initializing Servlet 'dispatcherServlet'
2021-03-31 07:42:17.318  INFO 8052 --- [http-nio-8080-exec-1] o.s.w.s.DispatcherServlet                : Completed initialization in 1 ms
2021-03-31 07:42:22.338  INFO 8052 --- [http-nio-8080-exec-2] c.s.s.c.PersonController                 : Affichage de la liste de personne
2021-03-31 07:42:22.338  INFO 8052 --- [http-nio-8080-exec-2] c.s.s.s.PersonService                    : Récupération de la liste entière de personnes
2021-03-31 07:43:12.530  INFO 8052 --- [http-nio-8080-exec-3] DataBaseConfig                           : Create DB connection
2021-03-31 07:43:12.550  INFO 8052 --- [http-nio-8080-exec-3] DataBaseConfig                           : Closing prepared Statement
2021-03-31 07:43:12.551  INFO 8052 --- [http-nio-8080-exec-3] DataBaseConfig                           : Closing DB connection
2021-03-31 07:43:30.294  INFO 5532 --- [restartedMain] c.s.s.SafetynetalertsApplication         : Starting SafetynetalertsApplication using Java 15.0.1 on Clément with PID 5532 (C:\Users\clement\Desktop\safetynetalerts\target\classes started by clement in C:\Users\clement\Desktop\safetynetalerts)
2021-03-31 07:43:30.312  INFO 5532 --- [restartedMain] c.s.s.SafetynetalertsApplication         : No active profile set, falling back to default profiles: default
2021-03-31 07:43:30.367  INFO 5532 --- [restartedMain] .e.DevToolsPropertyDefaultsPostProcessor : Devtools property defaults active! Set 'spring.devtools.add-properties' to 'false' to disable
2021-03-31 07:43:30.367  INFO 5532 --- [restartedMain] .e.DevToolsPropertyDefaultsPostProcessor : For additional web related logging consider setting the 'logging.level.web' property to 'DEBUG'
2021-03-31 07:43:31.219  INFO 5532 --- [restartedMain] .s.d.r.c.RepositoryConfigurationDelegate : Bootstrapping Spring Data JPA repositories in DEFAULT mode.
2021-03-31 07:43:31.284  INFO 5532 --- [restartedMain] .s.d.r.c.RepositoryConfigurationDelegate : Finished Spring Data repository scanning in 56 ms. Found 3 JPA repository interfaces.
2021-03-31 07:43:31.943  INFO 5532 --- [restartedMain] o.s.b.w.e.t.TomcatWebServer              : Tomcat initialized with port(s): 8080 (http)
2021-03-31 07:43:31.953  INFO 5532 --- [restartedMain] o.a.c.c.StandardService                  : Starting service [Tomcat]
2021-03-31 07:43:31.954  INFO 5532 --- [restartedMain] o.a.c.c.StandardEngine                   : Starting Servlet engine: [Apache Tomcat/9.0.43]
2021-03-31 07:43:32.048  INFO 5532 --- [restartedMain] o.a.c.c.C.[.[.[/]                        : Initializing Spring embedded WebApplicationContext
2021-03-31 07:43:32.048  INFO 5532 --- [restartedMain] w.s.c.ServletWebServerApplicationContext : Root WebApplicationContext: initialization completed in 1680 ms
2021-03-31 07:43:32.217  INFO 5532 --- [restartedMain] o.h.j.i.u.LogHelper                      : HHH000204: Processing PersistenceUnitInfo [name: default]
2021-03-31 07:43:32.267  INFO 5532 --- [restartedMain] o.h.Version                              : HHH000412: Hibernate ORM core version 5.4.28.Final
2021-03-31 07:43:32.396  INFO 5532 --- [restartedMain] o.h.a.c.Version                          : HCANN000001: Hibernate Commons Annotations {5.1.2.Final}
2021-03-31 07:43:32.487  INFO 5532 --- [restartedMain] c.z.h.HikariDataSource                   : HikariPool-1 - Starting...
2021-03-31 07:43:32.776  INFO 5532 --- [restartedMain] c.z.h.HikariDataSource                   : HikariPool-1 - Start completed.
2021-03-31 07:43:32.790  INFO 5532 --- [restartedMain] o.h.d.Dialect                            : HHH000400: Using dialect: org.hibernate.dialect.MySQL5Dialect
2021-03-31 07:43:34.713  INFO 5532 --- [restartedMain] o.h.e.t.j.p.i.JtaPlatformInitiator       : HHH000490: Using JtaPlatform implementation: [org.hibernate.engine.transaction.jta.platform.internal.NoJtaPlatform]
2021-03-31 07:43:34.733  INFO 5532 --- [restartedMain] j.LocalContainerEntityManagerFactoryBean : Initialized JPA EntityManagerFactory for persistence unit 'default'
2021-03-31 07:43:34.754  INFO 5532 --- [restartedMain] o.s.b.d.a.OptionalLiveReloadServer       : LiveReload server is running on port 35729
2021-03-31 07:43:35.161  INFO 5532 --- [restartedMain] DataBaseConfig                           : Create DB connection
2021-03-31 07:43:35.193  INFO 5532 --- [restartedMain] DataBaseConfig                           : Closing prepared Statement
2021-03-31 07:43:35.194  INFO 5532 --- [restartedMain] DataBaseConfig                           : Closing DB connection
2021-03-31 07:43:35.236  WARN 5532 --- [restartedMain] JpaBaseConfiguration$JpaWebConfiguration : spring.jpa.open-in-view is enabled by default. Therefore, database queries may be performed during view rendering. Explicitly configure spring.jpa.open-in-view to disable this warning
2021-03-31 07:43:35.330  INFO 5532 --- [restartedMain] o.s.s.c.ThreadPoolTaskExecutor           : Initializing ExecutorService 'applicationTaskExecutor'
2021-03-31 07:43:35.667  INFO 5532 --- [restartedMain] o.s.b.w.e.t.TomcatWebServer              : Tomcat started on port(s): 8080 (http) with context path ''
2021-03-31 07:43:35.675  INFO 5532 --- [restartedMain] c.s.s.SafetynetalertsApplication         : Started SafetynetalertsApplication in 6.019 seconds (JVM running for 7.126)
2021-03-31 07:43:44.903  INFO 5532 --- [http-nio-8080-exec-1] o.a.c.c.C.[.[.[/]                        : Initializing Spring DispatcherServlet 'dispatcherServlet'
2021-03-31 07:43:44.903  INFO 5532 --- [http-nio-8080-exec-1] o.s.w.s.DispatcherServlet                : Initializing Servlet 'dispatcherServlet'
2021-03-31 07:43:44.904  INFO 5532 --- [http-nio-8080-exec-1] o.s.w.s.DispatcherServlet                : Completed initialization in 1 ms
2021-03-31 07:43:44.952  INFO 5532 --- [http-nio-8080-exec-1] DataBaseConfig                           : Create DB connection
2021-03-31 07:43:44.978  INFO 5532 --- [http-nio-8080-exec-1] DataBaseConfig                           : Closing prepared Statement
2021-03-31 07:43:44.979  INFO 5532 --- [http-nio-8080-exec-1] DataBaseConfig                           : Closing DB connection
2021-03-31 08:05:42.473  INFO 15864 --- [restartedMain] c.s.s.SafetynetalertsApplication         : Starting SafetynetalertsApplication using Java 15.0.1 on Clément with PID 15864 (C:\Users\clement\Desktop\safetynetalerts\target\classes started by clement in C:\Users\clement\Desktop\safetynetalerts)
2021-03-31 08:05:42.480  INFO 15864 --- [restartedMain] c.s.s.SafetynetalertsApplication         : No active profile set, falling back to default profiles: default
2021-03-31 08:05:42.553  INFO 15864 --- [restartedMain] .e.DevToolsPropertyDefaultsPostProcessor : Devtools property defaults active! Set 'spring.devtools.add-properties' to 'false' to disable
2021-03-31 08:05:42.554  INFO 15864 --- [restartedMain] .e.DevToolsPropertyDefaultsPostProcessor : For additional web related logging consider setting the 'logging.level.web' property to 'DEBUG'
2021-03-31 08:05:43.459  INFO 15864 --- [restartedMain] .s.d.r.c.RepositoryConfigurationDelegate : Bootstrapping Spring Data JPA repositories in DEFAULT mode.
2021-03-31 08:05:43.575  INFO 15864 --- [restartedMain] .s.d.r.c.RepositoryConfigurationDelegate : Finished Spring Data repository scanning in 105 ms. Found 3 JPA repository interfaces.
2021-03-31 08:05:44.460  INFO 15864 --- [restartedMain] o.s.b.w.e.t.TomcatWebServer              : Tomcat initialized with port(s): 8080 (http)
2021-03-31 08:05:44.493  INFO 15864 --- [restartedMain] o.a.c.c.StandardService                  : Starting service [Tomcat]
2021-03-31 08:05:44.494  INFO 15864 --- [restartedMain] o.a.c.c.StandardEngine                   : Starting Servlet engine: [Apache Tomcat/9.0.43]
2021-03-31 08:05:44.608  INFO 15864 --- [restartedMain] o.a.c.c.C.[.[.[/]                        : Initializing Spring embedded WebApplicationContext
2021-03-31 08:05:44.609  INFO 15864 --- [restartedMain] w.s.c.ServletWebServerApplicationContext : Root WebApplicationContext: initialization completed in 2054 ms
2021-03-31 08:05:45.274  INFO 15864 --- [restartedMain] c.z.h.HikariDataSource                   : HikariPool-1 - Starting...
2021-03-31 08:05:45.848  INFO 15864 --- [restartedMain] c.z.h.HikariDataSource                   : HikariPool-1 - Start completed.
2021-03-31 08:05:48.876  INFO 15864 --- [restartedMain] j.LocalContainerEntityManagerFactoryBean : Initialized JPA EntityManagerFactory for persistence unit 'default'
2021-03-31 08:05:48.917  INFO 15864 --- [restartedMain] o.s.b.d.a.OptionalLiveReloadServer       : LiveReload server is running on port 35729
2021-03-31 08:05:49.423  INFO 15864 --- [restartedMain] DataBaseConfig                           : Create DB connection
2021-03-31 08:05:49.463  INFO 15864 --- [restartedMain] DataBaseConfig                           : Closing prepared Statement
2021-03-31 08:05:49.465  INFO 15864 --- [restartedMain] DataBaseConfig                           : Closing DB connection
2021-03-31 08:05:49.506  WARN 15864 --- [restartedMain] JpaBaseConfiguration$JpaWebConfiguration : spring.jpa.open-in-view is enabled by default. Therefore, database queries may be performed during view rendering. Explicitly configure spring.jpa.open-in-view to disable this warning
2021-03-31 08:05:49.610  INFO 15864 --- [restartedMain] o.s.s.c.ThreadPoolTaskExecutor           : Initializing ExecutorService 'applicationTaskExecutor'
2021-03-31 08:05:49.931  INFO 15864 --- [restartedMain] o.s.b.w.e.t.TomcatWebServer              : Tomcat started on port(s): 8080 (http) with context path ''
2021-03-31 08:05:49.939  INFO 15864 --- [restartedMain] c.s.s.SafetynetalertsApplication         : Started SafetynetalertsApplication in 8.03 seconds (JVM running for 10.073)
2021-03-31 08:06:02.917  INFO 15864 --- [http-nio-8080-exec-1] o.a.c.c.C.[.[.[/]                        : Initializing Spring DispatcherServlet 'dispatcherServlet'
2021-03-31 08:06:02.917  INFO 15864 --- [http-nio-8080-exec-1] o.s.w.s.DispatcherServlet                : Initializing Servlet 'dispatcherServlet'
2021-03-31 08:06:02.918  INFO 15864 --- [http-nio-8080-exec-1] o.s.w.s.DispatcherServlet                : Completed initialization in 1 ms
2021-03-31 08:06:06.601  INFO 15864 --- [http-nio-8080-exec-2] c.s.s.c.PersonController                 : Affichage de la liste de personne
2021-03-31 08:06:06.601  INFO 15864 --- [http-nio-8080-exec-2] c.s.s.s.PersonService                    : Récupération de la liste entière de personnes
2021-03-31 08:08:11.405 ERROR ???? --- [restartedMain] o.s.b.d.LoggingFailureAnalysisReporter   : 

***************************
APPLICATION FAILED TO START
***************************

Description:

Failed to bind properties under 'spring.output.ansi.enabled' to org.springframework.boot.ansi.AnsiOutput$Enabled:

    Property: spring.output.ansi.enabled
    Value: TRUE
    Origin: class path resource [application.properties] - 25:28
    Reason: failed to convert java.lang.String to org.springframework.boot.ansi.AnsiOutput$Enabled

Action:

Update your application's configuration. The following values are valid:

    ALWAYS
    DETECT
    NEVER

2021-03-31 08:08:44.133  INFO 14652 --- [restartedMain] c.s.s.SafetynetalertsApplication         : Starting SafetynetalertsApplication using Java 15.0.1 on Clément with PID 14652 (C:\Users\clement\Desktop\safetynetalerts\target\classes started by clement in C:\Users\clement\Desktop\safetynetalerts)
2021-03-31 08:08:44.144  INFO 14652 --- [restartedMain] c.s.s.SafetynetalertsApplication         : No active profile set, falling back to default profiles: default
2021-03-31 08:08:44.187  INFO 14652 --- [restartedMain] .e.DevToolsPropertyDefaultsPostProcessor : Devtools property defaults active! Set 'spring.devtools.add-properties' to 'false' to disable
2021-03-31 08:08:44.188  INFO 14652 --- [restartedMain] .e.DevToolsPropertyDefaultsPostProcessor : For additional web related logging consider setting the 'logging.level.web' property to 'DEBUG'
2021-03-31 08:08:44.818  INFO 14652 --- [restartedMain] .s.d.r.c.RepositoryConfigurationDelegate : Bootstrapping Spring Data JPA repositories in DEFAULT mode.
2021-03-31 08:08:44.878  INFO 14652 --- [restartedMain] .s.d.r.c.RepositoryConfigurationDelegate : Finished Spring Data repository scanning in 53 ms. Found 3 JPA repository interfaces.
2021-03-31 08:08:45.541  INFO 14652 --- [restartedMain] o.s.b.w.e.t.TomcatWebServer              : Tomcat initialized with port(s): 8080 (http)
2021-03-31 08:08:45.554  INFO 14652 --- [restartedMain] o.a.c.c.StandardService                  : Starting service [Tomcat]
2021-03-31 08:08:45.555  INFO 14652 --- [restartedMain] o.a.c.c.StandardEngine                   : Starting Servlet engine: [Apache Tomcat/9.0.43]
2021-03-31 08:08:45.664  INFO 14652 --- [restartedMain] o.a.c.c.C.[.[.[/]                        : Initializing Spring embedded WebApplicationContext
2021-03-31 08:08:45.664  INFO 14652 --- [restartedMain] w.s.c.ServletWebServerApplicationContext : Root WebApplicationContext: initialization completed in 1475 ms
2021-03-31 08:08:46.101  INFO 14652 --- [restartedMain] c.z.h.HikariDataSource                   : HikariPool-1 - Starting...
2021-03-31 08:08:46.381  INFO 14652 --- [restartedMain] c.z.h.HikariDataSource                   : HikariPool-1 - Start completed.
2021-03-31 08:08:48.435  INFO 14652 --- [restartedMain] j.LocalContainerEntityManagerFactoryBean : Initialized JPA EntityManagerFactory for persistence unit 'default'
2021-03-31 08:08:48.465  INFO 14652 --- [restartedMain] o.s.b.d.a.OptionalLiveReloadServer       : LiveReload server is running on port 35729
2021-03-31 08:08:48.888  INFO 14652 --- [restartedMain] DataBaseConfig                           : Create DB connection
2021-03-31 08:08:48.926  INFO 14652 --- [restartedMain] DataBaseConfig                           : Closing prepared Statement
2021-03-31 08:08:48.928  INFO 14652 --- [restartedMain] DataBaseConfig                           : Closing DB connection
2021-03-31 08:08:48.970  WARN 14652 --- [restartedMain] JpaBaseConfiguration$JpaWebConfiguration : spring.jpa.open-in-view is enabled by default. Therefore, database queries may be performed during view rendering. Explicitly configure spring.jpa.open-in-view to disable this warning
2021-03-31 08:08:49.059  INFO 14652 --- [restartedMain] o.s.s.c.ThreadPoolTaskExecutor           : Initializing ExecutorService 'applicationTaskExecutor'
2021-03-31 08:08:49.343  INFO 14652 --- [restartedMain] o.s.b.w.e.t.TomcatWebServer              : Tomcat started on port(s): 8080 (http) with context path ''
2021-03-31 08:08:49.351  INFO 14652 --- [restartedMain] c.s.s.SafetynetalertsApplication         : Started SafetynetalertsApplication in 5.638 seconds (JVM running for 6.88)
2021-03-31 08:09:07.534  INFO 14652 --- [http-nio-8080-exec-1] o.a.c.c.C.[.[.[/]                        : Initializing Spring DispatcherServlet 'dispatcherServlet'
2021-03-31 08:09:07.534  INFO 14652 --- [http-nio-8080-exec-1] o.s.w.s.DispatcherServlet                : Initializing Servlet 'dispatcherServlet'
2021-03-31 08:09:07.535  INFO 14652 --- [http-nio-8080-exec-1] o.s.w.s.DispatcherServlet                : Completed initialization in 1 ms
2021-03-31 08:09:07.555  INFO 14652 --- [http-nio-8080-exec-1] c.s.s.c.PersonController                 : Affichage de la liste de personne
2021-03-31 08:09:07.556  INFO 14652 --- [http-nio-8080-exec-1] c.s.s.s.PersonService                    : Récupération de la liste entière de personnes
2021-03-31 08:13:32.484  INFO 14652 --- [http-nio-8080-exec-3] c.s.s.c.PersonController                 : Mise à jour de la person
2021-03-31 08:49:45.440  INFO ???? --- [main] c.s.s.SafetynetalertsApplication         : Démarrage de l'application SafetyNetAlerts !
2021-03-31 08:49:45.650  INFO ???? --- [restartedMain] c.s.s.SafetynetalertsApplication         : Démarrage de l'application SafetyNetAlerts !
2021-03-31 08:49:46.153  INFO 18504 --- [restartedMain] c.s.s.SafetynetalertsApplication         : Starting SafetynetalertsApplication using Java 15.0.1 on Clément with PID 18504 (C:\Users\clement\Desktop\safetynetalerts\target\classes started by clement in C:\Users\clement\Desktop\safetynetalerts)
2021-03-31 08:49:46.157  INFO 18504 --- [restartedMain] c.s.s.SafetynetalertsApplication         : No active profile set, falling back to default profiles: default
2021-03-31 08:49:46.219  INFO 18504 --- [restartedMain] .e.DevToolsPropertyDefaultsPostProcessor : Devtools property defaults active! Set 'spring.devtools.add-properties' to 'false' to disable
2021-03-31 08:49:46.219  INFO 18504 --- [restartedMain] .e.DevToolsPropertyDefaultsPostProcessor : For additional web related logging consider setting the 'logging.level.web' property to 'DEBUG'
2021-03-31 08:49:46.953  INFO 18504 --- [restartedMain] .s.d.r.c.RepositoryConfigurationDelegate : Bootstrapping Spring Data JPA repositories in DEFAULT mode.
2021-03-31 08:49:47.039  INFO 18504 --- [restartedMain] .s.d.r.c.RepositoryConfigurationDelegate : Finished Spring Data repository scanning in 77 ms. Found 3 JPA repository interfaces.
2021-03-31 08:49:47.663  INFO 18504 --- [restartedMain] o.s.b.w.e.t.TomcatWebServer              : Tomcat initialized with port(s): 8080 (http)
2021-03-31 08:49:47.674  INFO 18504 --- [restartedMain] o.a.c.c.StandardService                  : Starting service [Tomcat]
2021-03-31 08:49:47.675  INFO 18504 --- [restartedMain] o.a.c.c.StandardEngine                   : Starting Servlet engine: [Apache Tomcat/9.0.43]
2021-03-31 08:49:47.773  INFO 18504 --- [restartedMain] o.a.c.c.C.[.[.[/]                        : Initializing Spring embedded WebApplicationContext
2021-03-31 08:49:47.774  INFO 18504 --- [restartedMain] w.s.c.ServletWebServerApplicationContext : Root WebApplicationContext: initialization completed in 1554 ms
2021-03-31 08:49:48.206  INFO 18504 --- [restartedMain] c.z.h.HikariDataSource                   : HikariPool-1 - Starting...
2021-03-31 08:49:48.521  INFO 18504 --- [restartedMain] c.z.h.HikariDataSource                   : HikariPool-1 - Start completed.
2021-03-31 08:49:51.053  INFO 18504 --- [restartedMain] j.LocalContainerEntityManagerFactoryBean : Initialized JPA EntityManagerFactory for persistence unit 'default'
2021-03-31 08:49:51.075  INFO 18504 --- [restartedMain] o.s.b.d.a.OptionalLiveReloadServer       : LiveReload server is running on port 35729
2021-03-31 08:49:51.456  WARN 18504 --- [restartedMain] JpaBaseConfiguration$JpaWebConfiguration : spring.jpa.open-in-view is enabled by default. Therefore, database queries may be performed during view rendering. Explicitly configure spring.jpa.open-in-view to disable this warning
2021-03-31 08:49:51.551  INFO 18504 --- [restartedMain] o.s.s.c.ThreadPoolTaskExecutor           : Initializing ExecutorService 'applicationTaskExecutor'
2021-03-31 08:49:51.800  INFO 18504 --- [restartedMain] o.s.b.w.e.t.TomcatWebServer              : Tomcat started on port(s): 8080 (http) with context path ''
2021-03-31 08:49:51.809  INFO 18504 --- [restartedMain] c.s.s.SafetynetalertsApplication         : Started SafetynetalertsApplication in 6.145 seconds (JVM running for 7.418)
2021-03-31 08:50:15.312  INFO 18504 --- [http-nio-8080-exec-1] o.a.c.c.C.[.[.[/]                        : Initializing Spring DispatcherServlet 'dispatcherServlet'
2021-03-31 08:50:15.313  INFO 18504 --- [http-nio-8080-exec-1] o.s.w.s.DispatcherServlet                : Initializing Servlet 'dispatcherServlet'
2021-03-31 08:50:15.314  INFO 18504 --- [http-nio-8080-exec-1] o.s.w.s.DispatcherServlet                : Completed initialization in 1 ms
2021-03-31 08:50:15.338  INFO 18504 --- [http-nio-8080-exec-1] c.s.s.r.MedicalrecordRepository          : Récupération de la liste entière de personnes
2021-03-31 08:50:15.477  INFO 18504 --- [http-nio-8080-exec-1] c.s.s.c.PersonController                 : Récupération de la liste de personne
2021-03-31 08:50:23.523  INFO 18504 --- [http-nio-8080-exec-2] c.s.s.r.MedicalrecordRepository          : Récupération de la personne grâce à son id 1
2021-03-31 08:50:23.536  INFO 18504 --- [http-nio-8080-exec-2] c.s.s.c.PersonController                 : Récupération du formulaire permettant la mise à jour d'une personne
2021-03-31 08:52:00.522  INFO ???? --- [main] c.s.s.SafetynetalertsApplication         : Démarrage de l'application SafetyNetAlerts !
2021-03-31 08:52:00.758  INFO ???? --- [restartedMain] c.s.s.SafetynetalertsApplication         : Démarrage de l'application SafetyNetAlerts !
2021-03-31 08:52:01.204  INFO 15716 --- [restartedMain] c.s.s.SafetynetalertsApplication         : Starting SafetynetalertsApplication using Java 15.0.1 on Clément with PID 15716 (C:\Users\clement\Desktop\safetynetalerts\target\classes started by clement in C:\Users\clement\Desktop\safetynetalerts)
2021-03-31 08:52:01.207  INFO 15716 --- [restartedMain] c.s.s.SafetynetalertsApplication         : No active profile set, falling back to default profiles: default
2021-03-31 08:52:01.258  INFO 15716 --- [restartedMain] .e.DevToolsPropertyDefaultsPostProcessor : Devtools property defaults active! Set 'spring.devtools.add-properties' to 'false' to disable
2021-03-31 08:52:01.258  INFO 15716 --- [restartedMain] .e.DevToolsPropertyDefaultsPostProcessor : For additional web related logging consider setting the 'logging.level.web' property to 'DEBUG'
2021-03-31 08:52:01.970  INFO 15716 --- [restartedMain] .s.d.r.c.RepositoryConfigurationDelegate : Bootstrapping Spring Data JPA repositories in DEFAULT mode.
2021-03-31 08:52:02.038  INFO 15716 --- [restartedMain] .s.d.r.c.RepositoryConfigurationDelegate : Finished Spring Data repository scanning in 58 ms. Found 3 JPA repository interfaces.
2021-03-31 08:52:02.725  INFO 15716 --- [restartedMain] o.s.b.w.e.t.TomcatWebServer              : Tomcat initialized with port(s): 8080 (http)
2021-03-31 08:52:02.737  INFO 15716 --- [restartedMain] o.a.c.c.StandardService                  : Starting service [Tomcat]
2021-03-31 08:52:02.738  INFO 15716 --- [restartedMain] o.a.c.c.StandardEngine                   : Starting Servlet engine: [Apache Tomcat/9.0.43]
2021-03-31 08:52:02.828  INFO 15716 --- [restartedMain] o.a.c.c.C.[.[.[/]                        : Initializing Spring embedded WebApplicationContext
2021-03-31 08:52:02.829  INFO 15716 --- [restartedMain] w.s.c.ServletWebServerApplicationContext : Root WebApplicationContext: initialization completed in 1570 ms
2021-03-31 08:52:03.293  INFO 15716 --- [restartedMain] c.z.h.HikariDataSource                   : HikariPool-1 - Starting...
2021-03-31 08:52:03.615  INFO 15716 --- [restartedMain] c.z.h.HikariDataSource                   : HikariPool-1 - Start completed.
2021-03-31 08:52:07.601  INFO 15716 --- [restartedMain] j.LocalContainerEntityManagerFactoryBean : Initialized JPA EntityManagerFactory for persistence unit 'default'
2021-03-31 08:52:07.615  INFO 15716 --- [restartedMain] o.s.b.d.a.OptionalLiveReloadServer       : LiveReload server is running on port 35729
2021-03-31 08:52:08.016  WARN 15716 --- [restartedMain] JpaBaseConfiguration$JpaWebConfiguration : spring.jpa.open-in-view is enabled by default. Therefore, database queries may be performed during view rendering. Explicitly configure spring.jpa.open-in-view to disable this warning
2021-03-31 08:52:08.131  INFO 15716 --- [restartedMain] o.s.s.c.ThreadPoolTaskExecutor           : Initializing ExecutorService 'applicationTaskExecutor'
2021-03-31 08:52:08.386  INFO 15716 --- [restartedMain] o.s.b.w.e.t.TomcatWebServer              : Tomcat started on port(s): 8080 (http) with context path ''
2021-03-31 08:52:08.394  INFO 15716 --- [restartedMain] c.s.s.SafetynetalertsApplication         : Started SafetynetalertsApplication in 7.62 seconds (JVM running for 8.854)
2021-03-31 08:52:16.900  INFO 15716 --- [http-nio-8080-exec-1] o.a.c.c.C.[.[.[/]                        : Initializing Spring DispatcherServlet 'dispatcherServlet'
2021-03-31 08:52:16.900  INFO 15716 --- [http-nio-8080-exec-1] o.s.w.s.DispatcherServlet                : Initializing Servlet 'dispatcherServlet'
2021-03-31 08:52:16.901  INFO 15716 --- [http-nio-8080-exec-1] o.s.w.s.DispatcherServlet                : Completed initialization in 1 ms
2021-03-31 08:52:16.925  INFO 15716 --- [http-nio-8080-exec-1] c.s.s.r.MedicalrecordRepository          : Récupération de la liste entière de personnes
2021-03-31 08:52:17.068  INFO 15716 --- [http-nio-8080-exec-1] c.s.s.c.PersonController                 : Récupération de la liste de personne
2021-03-31 08:52:27.023  INFO 15716 --- [http-nio-8080-exec-9] c.s.s.s.FirestationService               : Récupération de la liste entière des casernes
2021-03-31 08:52:27.057  INFO 15716 --- [http-nio-8080-exec-9] c.s.s.c.FirestationController            : Récupération de la liste de caserne
2021-03-31 08:52:31.292  INFO 15716 --- [http-nio-8080-exec-3] c.s.s.s.MedicalrecordService             : Récupération de la liste entière des dossiers médicaux
2021-03-31 08:52:31.342  INFO 15716 --- [http-nio-8080-exec-3] c.s.s.c.PersonController                 : Récupération de la liste des dossiers médicaux
2021-03-31 08:52:36.909  INFO 15716 --- [http-nio-8080-exec-4] c.s.s.s.FirestationService               : Récupération de la liste entière des casernes
2021-03-31 08:52:36.912  INFO 15716 --- [http-nio-8080-exec-4] c.s.s.c.FirestationController            : Récupération de la liste de caserne
2021-03-31 08:55:22.049  INFO ???? --- [main] c.s.s.SafetynetalertsApplication         : Démarrage de l'application SafetyNetAlerts !
2021-03-31 08:55:22.389  INFO ???? --- [main] c.s.s.c.JSONReader                       : mapping du fichier data.json
2021-03-31 08:55:22.396  INFO ???? --- [main] c.s.s.c.DataBaseConfig                   : Create DB connection
2021-03-31 08:55:22.923  INFO ???? --- [main] c.s.s.c.DataBaseConfig                   : Closing prepared Statement
2021-03-31 08:55:22.925  INFO ???? --- [main] c.s.s.c.DataBaseConfig                   : Closing DB connection
2021-03-31 08:55:22.925  INFO ???? --- [main] c.s.s.c.DataBaseConfig                   : Create DB connection
2021-03-31 08:55:22.960  INFO ???? --- [main] c.s.s.c.DataBaseConfig                   : Closing prepared Statement
2021-03-31 08:55:22.960  INFO ???? --- [main] c.s.s.c.DataBaseConfig                   : Closing DB connection
2021-03-31 08:55:22.965  INFO ???? --- [main] c.s.s.c.DataBaseConfig                   : Create DB connection
2021-03-31 08:55:23.028  INFO ???? --- [main] c.s.s.c.DataBaseConfig                   : Closing prepared Statement
2021-03-31 08:55:23.029  INFO ???? --- [main] c.s.s.c.DataBaseConfig                   : Closing DB connection
2021-03-31 08:56:03.729  INFO ???? --- [main] c.s.s.SafetynetalertsApplication         : Démarrage de l'application SafetyNetAlerts !
2021-03-31 08:56:03.960  INFO ???? --- [main] c.s.s.c.JSONReader                       : mapping du fichier data.json
2021-03-31 08:56:03.964  INFO ???? --- [main] c.s.s.c.DataBaseConfig                   : Create DB connection
2021-03-31 08:56:04.480  INFO ???? --- [main] c.s.s.c.DataBaseConfig                   : Closing prepared Statement
2021-03-31 08:56:04.481  INFO ???? --- [main] c.s.s.c.DataBaseConfig                   : Closing DB connection
2021-03-31 08:56:04.481  INFO ???? --- [main] c.s.s.c.DataBaseConfig                   : Create DB connection
2021-03-31 08:56:04.516  INFO ???? --- [main] c.s.s.c.DataBaseConfig                   : Closing prepared Statement
2021-03-31 08:56:04.517  INFO ???? --- [main] c.s.s.c.DataBaseConfig                   : Closing DB connection
2021-03-31 08:56:04.522  INFO ???? --- [main] c.s.s.c.DataBaseConfig                   : Create DB connection
2021-03-31 08:56:04.551  INFO ???? --- [main] c.s.s.c.DataBaseConfig                   : Closing prepared Statement
2021-03-31 08:56:04.552  INFO ???? --- [main] c.s.s.c.DataBaseConfig                   : Closing DB connection
2021-03-31 09:02:31.601  INFO ???? --- [main] c.s.s.SafetynetalertsApplication         : Démarrage de l'application SafetyNetAlerts !
2021-03-31 09:02:31.892  INFO ???? --- [main] c.s.s.c.JSONReader                       : mapping du fichier data.json
2021-03-31 09:02:31.896  INFO ???? --- [main] c.s.s.c.DataBaseConfig                   : Create DB connection
2021-03-31 09:02:32.421  INFO ???? --- [main] c.s.s.c.DataBaseConfig                   : Closing prepared Statement
2021-03-31 09:02:32.423  INFO ???? --- [main] c.s.s.c.DataBaseConfig                   : Closing DB connection
2021-03-31 09:02:32.424  INFO ???? --- [main] c.s.s.c.DataBaseConfig                   : Create DB connection
2021-03-31 09:02:32.451  INFO ???? --- [main] c.s.s.c.DataBaseConfig                   : Closing prepared Statement
2021-03-31 09:02:32.452  INFO ???? --- [main] c.s.s.c.DataBaseConfig                   : Closing DB connection
2021-03-31 09:02:32.457  INFO ???? --- [main] c.s.s.c.DataBaseConfig                   : Create DB connection
2021-03-31 09:02:32.502  INFO ???? --- [main] c.s.s.c.DataBaseConfig                   : Closing prepared Statement
2021-03-31 09:02:32.503  INFO ???? --- [main] c.s.s.c.DataBaseConfig                   : Closing DB connection
2021-03-31 09:05:07.062  INFO ???? --- [main] c.s.s.SafetynetalertsApplication         : Démarrage de l'application SafetyNetAlerts !
2021-03-31 09:05:07.341  INFO ???? --- [main] c.s.s.c.JSONReader                       : mapping du fichier data.json
2021-03-31 09:05:07.349  INFO ???? --- [main] c.s.s.c.DataBaseConfig                   : Create DB connection
2021-03-31 09:05:07.850  INFO ???? --- [main] c.s.s.c.DataBaseConfig                   : Closing prepared Statement
2021-03-31 09:05:07.852  INFO ???? --- [main] c.s.s.c.DataBaseConfig                   : Closing DB connection
2021-03-31 09:05:07.852  INFO ???? --- [main] c.s.s.c.DataBaseConfig                   : Create DB connection
2021-03-31 09:05:07.875  INFO ???? --- [main] c.s.s.c.DataBaseConfig                   : Closing prepared Statement
2021-03-31 09:05:07.876  INFO ???? --- [main] c.s.s.c.DataBaseConfig                   : Closing DB connection
2021-03-31 09:05:07.882  INFO ???? --- [main] c.s.s.c.DataBaseConfig                   : Create DB connection
2021-03-31 09:05:07.921  INFO ???? --- [main] c.s.s.c.DataBaseConfig                   : Closing prepared Statement
2021-03-31 09:05:07.922  INFO ???? --- [main] c.s.s.c.DataBaseConfig                   : Closing DB connection
2021-03-31 09:05:25.052  INFO ???? --- [main] c.s.s.SafetynetalertsApplication         : Démarrage de l'application SafetyNetAlerts !
2021-03-31 09:05:25.342  INFO ???? --- [main] c.s.s.c.JSONReader                       : mapping du fichier data.json
2021-03-31 09:05:25.347  INFO ???? --- [main] c.s.s.c.DataBaseConfig                   : Create DB connection
2021-03-31 09:05:25.843  INFO ???? --- [main] c.s.s.c.DataBaseConfig                   : Closing prepared Statement
2021-03-31 09:05:25.844  INFO ???? --- [main] c.s.s.c.DataBaseConfig                   : Closing DB connection
2021-03-31 09:05:25.845  INFO ???? --- [main] c.s.s.c.DataBaseConfig                   : Create DB connection
2021-03-31 09:05:25.877  INFO ???? --- [main] c.s.s.c.DataBaseConfig                   : Closing prepared Statement
2021-03-31 09:05:25.878  INFO ???? --- [main] c.s.s.c.DataBaseConfig                   : Closing DB connection
2021-03-31 09:05:25.883  INFO ???? --- [main] c.s.s.c.DataBaseConfig                   : Create DB connection
2021-03-31 09:05:25.931  INFO ???? --- [main] c.s.s.c.DataBaseConfig                   : Closing prepared Statement
2021-03-31 09:05:25.932  INFO ???? --- [main] c.s.s.c.DataBaseConfig                   : Closing DB connection
2021-03-31 09:05:41.811  INFO ???? --- [main] c.s.s.SafetynetalertsApplication         : Démarrage de l'application SafetyNetAlerts !
2021-03-31 09:05:42.165  INFO ???? --- [main] c.s.s.c.JSONReader                       : mapping du fichier data.json
2021-03-31 09:05:42.170  INFO ???? --- [main] c.s.s.c.DataBaseConfig                   : Create DB connection
2021-03-31 09:05:42.648  INFO ???? --- [main] c.s.s.c.DataBaseConfig                   : Closing prepared Statement
2021-03-31 09:05:42.650  INFO ???? --- [main] c.s.s.c.DataBaseConfig                   : Closing DB connection
2021-03-31 09:05:42.650  INFO ???? --- [main] c.s.s.c.DataBaseConfig                   : Create DB connection
2021-03-31 09:05:42.704  INFO ???? --- [main] c.s.s.c.DataBaseConfig                   : Closing prepared Statement
2021-03-31 09:05:42.705  INFO ???? --- [main] c.s.s.c.DataBaseConfig                   : Closing DB connection
2021-03-31 09:05:42.710  INFO ???? --- [main] c.s.s.c.DataBaseConfig                   : Create DB connection
2021-03-31 09:05:42.747  INFO ???? --- [main] c.s.s.c.DataBaseConfig                   : Closing prepared Statement
2021-03-31 09:05:42.748  INFO ???? --- [main] c.s.s.c.DataBaseConfig                   : Closing DB connection
2021-03-31 09:05:56.671  INFO ???? --- [main] c.s.s.SafetynetalertsApplication         : Démarrage de l'application SafetyNetAlerts !
2021-03-31 09:05:56.935  INFO ???? --- [main] c.s.s.c.JSONReader                       : mapping du fichier data.json
2021-03-31 09:05:56.941  INFO ???? --- [main] c.s.s.c.DataBaseConfig                   : Create DB connection
2021-03-31 09:05:57.424  INFO ???? --- [main] c.s.s.c.DataBaseConfig                   : Closing prepared Statement
2021-03-31 09:05:57.426  INFO ???? --- [main] c.s.s.c.DataBaseConfig                   : Closing DB connection
2021-03-31 09:05:57.426  INFO ???? --- [main] c.s.s.c.DataBaseConfig                   : Create DB connection
2021-03-31 09:05:57.452  INFO ???? --- [main] c.s.s.c.DataBaseConfig                   : Closing prepared Statement
2021-03-31 09:05:57.453  INFO ???? --- [main] c.s.s.c.DataBaseConfig                   : Closing DB connection
2021-03-31 09:05:57.458  INFO ???? --- [main] c.s.s.c.DataBaseConfig                   : Create DB connection
2021-03-31 09:05:57.478  INFO ???? --- [main] c.s.s.c.DataBaseConfig                   : Closing prepared Statement
2021-03-31 09:05:57.478  INFO ???? --- [main] c.s.s.c.DataBaseConfig                   : Closing DB connection
2021-03-31 09:06:10.245  INFO ???? --- [main] c.s.s.SafetynetalertsApplication         : Démarrage de l'application SafetyNetAlerts !
2021-03-31 09:06:10.543  INFO ???? --- [main] c.s.s.c.JSONReader                       : mapping du fichier data.json
2021-03-31 09:06:10.548  INFO ???? --- [main] c.s.s.c.DataBaseConfig                   : Create DB connection
2021-03-31 09:06:11.081  INFO ???? --- [main] c.s.s.c.DataBaseConfig                   : Closing prepared Statement
2021-03-31 09:06:11.082  INFO ???? --- [main] c.s.s.c.DataBaseConfig                   : Closing DB connection
2021-03-31 09:06:11.083  INFO ???? --- [main] c.s.s.c.DataBaseConfig                   : Create DB connection
2021-03-31 09:06:11.106  INFO ???? --- [main] c.s.s.c.DataBaseConfig                   : Closing prepared Statement
2021-03-31 09:06:11.106  INFO ???? --- [main] c.s.s.c.DataBaseConfig                   : Closing DB connection
2021-03-31 09:06:11.111  INFO ???? --- [main] c.s.s.c.DataBaseConfig                   : Create DB connection
2021-03-31 09:06:11.154  INFO ???? --- [main] c.s.s.c.DataBaseConfig                   : Closing prepared Statement
2021-03-31 09:06:11.155  INFO ???? --- [main] c.s.s.c.DataBaseConfig                   : Closing DB connection
2021-03-31 09:08:54.451  INFO ???? --- [main] c.s.s.SafetynetalertsApplication         : Démarrage de l'application SafetyNetAlerts !
2021-03-31 09:08:54.759  INFO ???? --- [main] c.s.s.c.JSONReader                       : mapping du fichier data.json
2021-03-31 09:08:54.763  INFO ???? --- [main] c.s.s.c.DataBaseConfig                   : Create DB connection
2021-03-31 09:08:55.305  INFO ???? --- [main] c.s.s.c.DataBaseConfig                   : Closing prepared Statement
2021-03-31 09:08:55.307  INFO ???? --- [main] c.s.s.c.DataBaseConfig                   : Closing DB connection
2021-03-31 09:08:55.307  INFO ???? --- [main] c.s.s.c.DataBaseConfig                   : Create DB connection
2021-03-31 09:08:55.333  INFO ???? --- [main] c.s.s.c.DataBaseConfig                   : Closing prepared Statement
2021-03-31 09:08:55.334  INFO ???? --- [main] c.s.s.c.DataBaseConfig                   : Closing DB connection
2021-03-31 09:08:55.339  INFO ???? --- [main] c.s.s.c.DataBaseConfig                   : Create DB connection
2021-03-31 09:08:55.366  INFO ???? --- [main] c.s.s.c.DataBaseConfig                   : Closing prepared Statement
2021-03-31 09:08:55.366  INFO ???? --- [main] c.s.s.c.DataBaseConfig                   : Closing DB connection
2021-03-31 09:11:58.308  INFO ???? --- [main] c.s.s.SafetynetalertsApplication         : Démarrage de l'application SafetyNetAlerts !
2021-03-31 09:11:58.617  INFO ???? --- [main] c.s.s.c.JSONReader                       : mapping du fichier data.json
2021-03-31 09:11:58.623  INFO ???? --- [main] c.s.s.c.DataBaseConfig                   : Create DB connection
2021-03-31 09:11:59.190  INFO ???? --- [main] c.s.s.c.DataBaseConfig                   : Closing prepared Statement
2021-03-31 09:11:59.192  INFO ???? --- [main] c.s.s.c.DataBaseConfig                   : Closing DB connection
2021-03-31 09:11:59.192  INFO ???? --- [main] c.s.s.c.DataBaseConfig                   : Create DB connection
2021-03-31 09:11:59.235  INFO ???? --- [main] c.s.s.c.DataBaseConfig                   : Closing prepared Statement
2021-03-31 09:11:59.236  INFO ???? --- [main] c.s.s.c.DataBaseConfig                   : Closing DB connection
2021-03-31 09:11:59.241  INFO ???? --- [main] c.s.s.c.DataBaseConfig                   : Create DB connection
2021-03-31 09:11:59.262  INFO ???? --- [main] c.s.s.c.DataBaseConfig                   : Closing prepared Statement
2021-03-31 09:11:59.263  INFO ???? --- [main] c.s.s.c.DataBaseConfig                   : Closing DB connection
2021-03-31 09:13:25.580  INFO ???? --- [main] c.s.s.SafetynetalertsApplication         : Démarrage de l'application SafetyNetAlerts !
2021-03-31 09:13:25.870  INFO ???? --- [main] c.s.s.c.JSONReader                       : mapping du fichier data.json
2021-03-31 09:13:25.875  INFO ???? --- [main] c.s.s.c.DataBaseConfig                   : Create DB connection
2021-03-31 09:13:26.488  INFO ???? --- [main] c.s.s.c.DataBaseConfig                   : Closing prepared Statement
2021-03-31 09:13:26.490  INFO ???? --- [main] c.s.s.c.DataBaseConfig                   : Closing DB connection
2021-03-31 09:13:26.490  INFO ???? --- [main] c.s.s.c.DataBaseConfig                   : Create DB connection
2021-03-31 09:13:26.557  INFO ???? --- [main] c.s.s.c.DataBaseConfig                   : Closing prepared Statement
2021-03-31 09:13:26.558  INFO ???? --- [main] c.s.s.c.DataBaseConfig                   : Closing DB connection
2021-03-31 09:13:26.562  INFO ???? --- [main] c.s.s.c.DataBaseConfig                   : Create DB connection
2021-03-31 09:13:26.585  INFO ???? --- [main] c.s.s.c.DataBaseConfig                   : Closing prepared Statement
2021-03-31 09:13:26.586  INFO ???? --- [main] c.s.s.c.DataBaseConfig                   : Closing DB connection
2021-03-31 09:14:14.371  INFO ???? --- [main] c.s.s.SafetynetalertsApplication         : Démarrage de l'application SafetyNetAlerts !
2021-03-31 09:14:14.641  INFO ???? --- [main] c.s.s.c.JSONReader                       : mapping du fichier data.json
2021-03-31 09:14:14.651  INFO ???? --- [main] c.s.s.c.DataBaseConfig                   : Create DB connection
2021-03-31 09:14:15.122  INFO ???? --- [main] c.s.s.c.DataBaseConfig                   : Closing prepared Statement
2021-03-31 09:14:15.124  INFO ???? --- [main] c.s.s.c.DataBaseConfig                   : Closing DB connection
2021-03-31 09:14:15.124  INFO ???? --- [main] c.s.s.c.DataBaseConfig                   : Create DB connection
2021-03-31 09:14:15.152  INFO ???? --- [main] c.s.s.c.DataBaseConfig                   : Closing prepared Statement
2021-03-31 09:14:15.153  INFO ???? --- [main] c.s.s.c.DataBaseConfig                   : Closing DB connection
2021-03-31 09:14:15.158  INFO ???? --- [main] c.s.s.c.DataBaseConfig                   : Create DB connection
2021-03-31 09:14:15.181  INFO ???? --- [main] c.s.s.c.DataBaseConfig                   : Closing prepared Statement
2021-03-31 09:14:15.182  INFO ???? --- [main] c.s.s.c.DataBaseConfig                   : Closing DB connection
2021-03-31 09:14:47.004  INFO ???? --- [main] c.s.s.SafetynetalertsApplication         : Démarrage de l'application SafetyNetAlerts !
2021-03-31 09:14:47.256  INFO ???? --- [main] c.s.s.c.JSONReader                       : mapping du fichier data.json
2021-03-31 09:14:47.260  INFO ???? --- [main] c.s.s.c.DataBaseConfig                   : Create DB connection
2021-03-31 09:14:47.719  INFO ???? --- [main] c.s.s.c.DataBaseConfig                   : Closing prepared Statement
2021-03-31 09:14:47.721  INFO ???? --- [main] c.s.s.c.DataBaseConfig                   : Closing DB connection
2021-03-31 09:14:47.721  INFO ???? --- [main] c.s.s.c.DataBaseConfig                   : Create DB connection
2021-03-31 09:14:47.745  INFO ???? --- [main] c.s.s.c.DataBaseConfig                   : Closing prepared Statement
2021-03-31 09:14:47.746  INFO ???? --- [main] c.s.s.c.DataBaseConfig                   : Closing DB connection
2021-03-31 09:14:47.751  INFO ???? --- [main] c.s.s.c.DataBaseConfig                   : Create DB connection
2021-03-31 09:14:47.776  INFO ???? --- [main] c.s.s.c.DataBaseConfig                   : Closing prepared Statement
2021-03-31 09:14:47.777  INFO ???? --- [main] c.s.s.c.DataBaseConfig                   : Closing DB connection
2021-03-31 09:15:22.143  INFO ???? --- [main] c.s.s.SafetynetalertsApplication         : Démarrage de l'application SafetyNetAlerts !
2021-03-31 09:15:22.434  INFO ???? --- [main] c.s.s.c.JSONReader                       : mapping du fichier data.json
2021-03-31 09:15:22.447  INFO ???? --- [main] c.s.s.c.DataBaseConfig                   : Create DB connection
2021-03-31 09:15:22.894  INFO ???? --- [main] c.s.s.c.DataBaseConfig                   : Closing prepared Statement
2021-03-31 09:15:22.896  INFO ???? --- [main] c.s.s.c.DataBaseConfig                   : Closing DB connection
2021-03-31 09:15:22.896  INFO ???? --- [main] c.s.s.c.DataBaseConfig                   : Create DB connection
2021-03-31 09:15:22.944  INFO ???? --- [main] c.s.s.c.DataBaseConfig                   : Closing prepared Statement
2021-03-31 09:15:22.945  INFO ???? --- [main] c.s.s.c.DataBaseConfig                   : Closing DB connection
2021-03-31 09:15:22.950  INFO ???? --- [main] c.s.s.c.DataBaseConfig                   : Create DB connection
2021-03-31 09:15:22.986  INFO ???? --- [main] c.s.s.c.DataBaseConfig                   : Closing prepared Statement
2021-03-31 09:15:22.986  INFO ???? --- [main] c.s.s.c.DataBaseConfig                   : Closing DB connection
2021-03-31 09:16:00.202  INFO ???? --- [main] c.s.s.SafetynetalertsApplication         : Démarrage de l'application SafetyNetAlerts !
2021-03-31 09:16:00.476  INFO ???? --- [main] c.s.s.c.JSONReader                       : mapping du fichier data.json
2021-03-31 09:16:00.482  INFO ???? --- [main] c.s.s.c.DataBaseConfig                   : Create DB connection
2021-03-31 09:16:01.102  INFO ???? --- [main] c.s.s.c.DataBaseConfig                   : Closing prepared Statement
2021-03-31 09:16:01.104  INFO ???? --- [main] c.s.s.c.DataBaseConfig                   : Closing DB connection
2021-03-31 09:16:01.104  INFO ???? --- [main] c.s.s.c.DataBaseConfig                   : Create DB connection
2021-03-31 09:16:01.129  INFO ???? --- [main] c.s.s.c.DataBaseConfig                   : Closing prepared Statement
2021-03-31 09:16:01.130  INFO ???? --- [main] c.s.s.c.DataBaseConfig                   : Closing DB connection
2021-03-31 09:16:01.136  INFO ???? --- [main] c.s.s.c.DataBaseConfig                   : Create DB connection
2021-03-31 09:16:01.273  INFO ???? --- [main] c.s.s.c.DataBaseConfig                   : Closing prepared Statement
2021-03-31 09:16:01.275  INFO ???? --- [main] c.s.s.c.DataBaseConfig                   : Closing DB connection
2021-03-31 09:17:04.167  INFO ???? --- [main] c.s.s.SafetynetalertsApplication         : Démarrage de l'application SafetyNetAlerts !
2021-03-31 09:17:04.379  INFO ???? --- [restartedMain] c.s.s.SafetynetalertsApplication         : Démarrage de l'application SafetyNetAlerts !
2021-03-31 09:17:04.801  INFO 14292 --- [restartedMain] c.s.s.SafetynetalertsApplication         : Starting SafetynetalertsApplication using Java 15.0.1 on Clément with PID 14292 (C:\Users\clement\Desktop\safetynetalerts\target\classes started by clement in C:\Users\clement\Desktop\safetynetalerts)
2021-03-31 09:17:04.805  INFO 14292 --- [restartedMain] c.s.s.SafetynetalertsApplication         : No active profile set, falling back to default profiles: default
2021-03-31 09:17:04.877  INFO 14292 --- [restartedMain] .e.DevToolsPropertyDefaultsPostProcessor : Devtools property defaults active! Set 'spring.devtools.add-properties' to 'false' to disable
2021-03-31 09:17:04.877  INFO 14292 --- [restartedMain] .e.DevToolsPropertyDefaultsPostProcessor : For additional web related logging consider setting the 'logging.level.web' property to 'DEBUG'
2021-03-31 09:17:05.541  INFO 14292 --- [restartedMain] .s.d.r.c.RepositoryConfigurationDelegate : Bootstrapping Spring Data JPA repositories in DEFAULT mode.
2021-03-31 09:17:05.606  INFO 14292 --- [restartedMain] .s.d.r.c.RepositoryConfigurationDelegate : Finished Spring Data repository scanning in 57 ms. Found 3 JPA repository interfaces.
2021-03-31 09:17:06.320  INFO 14292 --- [restartedMain] o.s.b.w.e.t.TomcatWebServer              : Tomcat initialized with port(s): 8080 (http)
2021-03-31 09:17:06.330  INFO 14292 --- [restartedMain] o.a.c.c.StandardService                  : Starting service [Tomcat]
2021-03-31 09:17:06.331  INFO 14292 --- [restartedMain] o.a.c.c.StandardEngine                   : Starting Servlet engine: [Apache Tomcat/9.0.43]
2021-03-31 09:17:06.426  INFO 14292 --- [restartedMain] o.a.c.c.C.[.[.[/]                        : Initializing Spring embedded WebApplicationContext
2021-03-31 09:17:06.426  INFO 14292 --- [restartedMain] w.s.c.ServletWebServerApplicationContext : Root WebApplicationContext: initialization completed in 1548 ms
2021-03-31 09:17:06.937  INFO 14292 --- [restartedMain] c.z.h.HikariDataSource                   : HikariPool-1 - Starting...
2021-03-31 09:17:07.327  INFO 14292 --- [restartedMain] c.z.h.HikariDataSource                   : HikariPool-1 - Start completed.
2021-03-31 09:17:10.167  INFO 14292 --- [restartedMain] j.LocalContainerEntityManagerFactoryBean : Initialized JPA EntityManagerFactory for persistence unit 'default'
2021-03-31 09:17:10.198  INFO 14292 --- [restartedMain] o.s.b.d.a.OptionalLiveReloadServer       : LiveReload server is running on port 35729
2021-03-31 09:17:10.618  INFO 14292 --- [restartedMain] c.s.s.c.JSONReader                       : mapping du fichier data.json
2021-03-31 09:17:10.619  INFO 14292 --- [restartedMain] c.s.s.c.DataBaseConfig                   : Create DB connection
2021-03-31 09:17:10.701  INFO 14292 --- [restartedMain] c.s.s.c.DataBaseConfig                   : Closing prepared Statement
2021-03-31 09:17:10.703  INFO 14292 --- [restartedMain] c.s.s.c.DataBaseConfig                   : Closing DB connection
2021-03-31 09:17:10.703  INFO 14292 --- [restartedMain] c.s.s.c.DataBaseConfig                   : Create DB connection
2021-03-31 09:17:10.718  INFO 14292 --- [restartedMain] c.s.s.c.DataBaseConfig                   : Closing prepared Statement
2021-03-31 09:17:10.719  INFO 14292 --- [restartedMain] c.s.s.c.DataBaseConfig                   : Closing DB connection
2021-03-31 09:17:10.724  INFO 14292 --- [restartedMain] c.s.s.c.DataBaseConfig                   : Create DB connection
2021-03-31 09:17:11.016  INFO 14292 --- [restartedMain] c.s.s.c.DataBaseConfig                   : Closing prepared Statement
2021-03-31 09:17:11.017  INFO 14292 --- [restartedMain] c.s.s.c.DataBaseConfig                   : Closing DB connection
2021-03-31 09:17:11.645  INFO 14292 --- [restartedMain] c.s.s.s.FirestationService               : Sauvegarde de toutes les casernes
2021-03-31 09:17:11.918  INFO 14292 --- [restartedMain] c.s.s.s.MedicalrecordService             : Sauvegarde de tous les dossiers médicaux ainsi que du calcul de l'âge
2021-03-31 09:17:13.633  INFO 14292 --- [restartedMain] c.s.s.SafetynetalertsApplication         : Sauvegarde de toutes les données du fichier data.json en Base de données
2021-03-31 09:17:13.679  WARN 14292 --- [restartedMain] JpaBaseConfiguration$JpaWebConfiguration : spring.jpa.open-in-view is enabled by default. Therefore, database queries may be performed during view rendering. Explicitly configure spring.jpa.open-in-view to disable this warning
2021-03-31 09:17:13.779  INFO 14292 --- [restartedMain] o.s.s.c.ThreadPoolTaskExecutor           : Initializing ExecutorService 'applicationTaskExecutor'
2021-03-31 09:17:14.022  INFO 14292 --- [restartedMain] o.s.b.w.e.t.TomcatWebServer              : Tomcat started on port(s): 8080 (http) with context path ''
2021-03-31 09:17:14.030  INFO 14292 --- [restartedMain] c.s.s.SafetynetalertsApplication         : Started SafetynetalertsApplication in 9.64 seconds (JVM running for 10.932)
2021-03-31 09:18:20.371  INFO ???? --- [main] c.s.s.SafetynetalertsApplication         : Démarrage de l'application SafetyNetAlerts !
2021-03-31 09:18:20.556  INFO ???? --- [restartedMain] c.s.s.SafetynetalertsApplication         : Démarrage de l'application SafetyNetAlerts !
2021-03-31 09:18:20.978  INFO 15776 --- [restartedMain] c.s.s.SafetynetalertsApplication         : Starting SafetynetalertsApplication using Java 15.0.1 on Clément with PID 15776 (C:\Users\clement\Desktop\safetynetalerts\target\classes started by clement in C:\Users\clement\Desktop\safetynetalerts)
2021-03-31 09:18:20.982  INFO 15776 --- [restartedMain] c.s.s.SafetynetalertsApplication         : No active profile set, falling back to default profiles: default
2021-03-31 09:18:21.027  INFO 15776 --- [restartedMain] .e.DevToolsPropertyDefaultsPostProcessor : Devtools property defaults active! Set 'spring.devtools.add-properties' to 'false' to disable
2021-03-31 09:18:21.028  INFO 15776 --- [restartedMain] .e.DevToolsPropertyDefaultsPostProcessor : For additional web related logging consider setting the 'logging.level.web' property to 'DEBUG'
2021-03-31 09:18:21.680  INFO 15776 --- [restartedMain] .s.d.r.c.RepositoryConfigurationDelegate : Bootstrapping Spring Data JPA repositories in DEFAULT mode.
2021-03-31 09:18:21.744  INFO 15776 --- [restartedMain] .s.d.r.c.RepositoryConfigurationDelegate : Finished Spring Data repository scanning in 54 ms. Found 3 JPA repository interfaces.
2021-03-31 09:18:22.404  INFO 15776 --- [restartedMain] o.s.b.w.e.t.TomcatWebServer              : Tomcat initialized with port(s): 8080 (http)
2021-03-31 09:18:22.416  INFO 15776 --- [restartedMain] o.a.c.c.StandardService                  : Starting service [Tomcat]
2021-03-31 09:18:22.416  INFO 15776 --- [restartedMain] o.a.c.c.StandardEngine                   : Starting Servlet engine: [Apache Tomcat/9.0.43]
2021-03-31 09:18:22.516  INFO 15776 --- [restartedMain] o.a.c.c.C.[.[.[/]                        : Initializing Spring embedded WebApplicationContext
2021-03-31 09:18:22.517  INFO 15776 --- [restartedMain] w.s.c.ServletWebServerApplicationContext : Root WebApplicationContext: initialization completed in 1487 ms
2021-03-31 09:18:22.974  INFO 15776 --- [restartedMain] c.z.h.HikariDataSource                   : HikariPool-1 - Starting...
2021-03-31 09:18:23.265  INFO 15776 --- [restartedMain] c.z.h.HikariDataSource                   : HikariPool-1 - Start completed.
2021-03-31 09:18:26.901  INFO 15776 --- [restartedMain] j.LocalContainerEntityManagerFactoryBean : Initialized JPA EntityManagerFactory for persistence unit 'default'
2021-03-31 09:18:26.926  INFO 15776 --- [restartedMain] o.s.b.d.a.OptionalLiveReloadServer       : LiveReload server is running on port 35729
2021-03-31 09:18:27.337  INFO 15776 --- [restartedMain] c.s.s.c.JSONReader                       : mapping du fichier data.json
2021-03-31 09:18:27.338  INFO 15776 --- [restartedMain] c.s.s.c.DataBaseConfig                   : Create DB connection
2021-03-31 09:18:27.428  INFO 15776 --- [restartedMain] c.s.s.c.DataBaseConfig                   : Closing prepared Statement
2021-03-31 09:18:27.430  INFO 15776 --- [restartedMain] c.s.s.c.DataBaseConfig                   : Closing DB connection
2021-03-31 09:18:27.430  INFO 15776 --- [restartedMain] c.s.s.c.DataBaseConfig                   : Create DB connection
2021-03-31 09:18:27.448  INFO 15776 --- [restartedMain] c.s.s.c.DataBaseConfig                   : Closing prepared Statement
2021-03-31 09:18:27.449  INFO 15776 --- [restartedMain] c.s.s.c.DataBaseConfig                   : Closing DB connection
2021-03-31 09:18:27.454  INFO 15776 --- [restartedMain] c.s.s.c.DataBaseConfig                   : Create DB connection
2021-03-31 09:18:27.474  INFO 15776 --- [restartedMain] c.s.s.c.DataBaseConfig                   : Closing prepared Statement
2021-03-31 09:18:27.475  INFO 15776 --- [restartedMain] c.s.s.c.DataBaseConfig                   : Closing DB connection
2021-03-31 09:18:27.475  INFO 15776 --- [restartedMain] c.s.s.r.MedicalrecordRepository          : Sauvegarde de toutes les personnes
2021-03-31 09:18:28.851  INFO 15776 --- [restartedMain] c.s.s.s.FirestationService               : Sauvegarde de toutes les casernes
2021-03-31 09:18:29.650  INFO 15776 --- [restartedMain] c.s.s.s.MedicalrecordService             : Sauvegarde de tous les dossiers médicaux ainsi que du calcul de l'âge
2021-03-31 09:18:32.629  INFO 15776 --- [restartedMain] c.s.s.SafetynetalertsApplication         : Sauvegarde de toutes les données du fichier data.json en Base de données
2021-03-31 09:18:32.709  WARN 15776 --- [restartedMain] JpaBaseConfiguration$JpaWebConfiguration : spring.jpa.open-in-view is enabled by default. Therefore, database queries may be performed during view rendering. Explicitly configure spring.jpa.open-in-view to disable this warning
2021-03-31 09:18:32.811  INFO 15776 --- [restartedMain] o.s.s.c.ThreadPoolTaskExecutor           : Initializing ExecutorService 'applicationTaskExecutor'
2021-03-31 09:18:33.055  INFO 15776 --- [restartedMain] o.s.b.w.e.t.TomcatWebServer              : Tomcat started on port(s): 8080 (http) with context path ''
2021-03-31 09:18:33.063  INFO 15776 --- [restartedMain] c.s.s.SafetynetalertsApplication         : Started SafetynetalertsApplication in 12.497 seconds (JVM running for 13.674)
2021-03-31 09:18:39.871  INFO 15776 --- [http-nio-8080-exec-1] o.a.c.c.C.[.[.[/]                        : Initializing Spring DispatcherServlet 'dispatcherServlet'
2021-03-31 09:18:39.872  INFO 15776 --- [http-nio-8080-exec-1] o.s.w.s.DispatcherServlet                : Initializing Servlet 'dispatcherServlet'
2021-03-31 09:18:39.873  INFO 15776 --- [http-nio-8080-exec-1] o.s.w.s.DispatcherServlet                : Completed initialization in 1 ms
2021-03-31 09:18:39.891  INFO 15776 --- [http-nio-8080-exec-1] c.s.s.c.HomeController                   : Récupération de la vue Home, point d'entrée de l'application
2021-03-31 09:18:45.518  INFO 15776 --- [http-nio-8080-exec-2] c.s.s.r.MedicalrecordRepository          : Récupération de la liste entière de personnes
2021-03-31 09:18:45.627  INFO 15776 --- [http-nio-8080-exec-2] c.s.s.c.PersonController                 : Récupération de la liste de personne
